ffmpeg version git-2019-10-28-68f623d Copyright (c) 2000-2019 the FFmpeg developers
  built with gcc 9.2.1 (GCC) 20191010
  configuration: --enable-gpl --enable-version3 --enable-sdl2 --enable-fontconfig --enable-gnutls --enable-iconv --enable-libass --enable-libdav1d --enable-libbluray --enable-libfreetype --enable-libmp3lame --enable-libopencore-amrnb --enable-libopencore-amrwb --enable-libopenjpeg --enable-libopus --enable-libshine --enable-libsnappy --enable-libsoxr --enable-libtheora --enable-libtwolame --enable-libvpx --enable-libwavpack --enable-libwebp --enable-libx264 --enable-libx265 --enable-libxml2 --enable-libzimg --enable-lzma --enable-zlib --enable-gmp --enable-libvidstab --enable-libvorbis --enable-libvo-amrwbenc --enable-libmysofa --enable-libspeex --enable-libxvid --enable-libaom --enable-libmfx --enable-ffnvcodec --enable-cuvid --enable-d3d11va --enable-nvenc --enable-nvdec --enable-dxva2 --enable-avisynth --enable-libopenmpt --enable-amf
  libavutil      56. 35.101 / 56. 35.101
  libavcodec     58. 60.100 / 58. 60.100
  libavformat    58. 33.100 / 58. 33.100
  libavdevice    58.  9.100 / 58.  9.100
  libavfilter     7. 65.100 /  7. 65.100
  libswscale      5.  6.100 /  5.  6.100
  libswresample   3.  6.100 /  3.  6.100
  libpostproc    55.  6.100 / 55.  6.100
Splitting the commandline.
Reading option '-v' ... matched as option 'v' (set logging level) with argument 'debug'.
Reading option '-nostdin' ... matched as option 'stdin' (enable or disable interaction on standard input) with argument 0.
Reading option '-progress' ... matched as option 'progress' (write program-readable progress information) with argument 'C:/Users/teeja/AppData/Local/Temp/KritaFFmpegProgress.RaTQVs'.
Reading option '-r' ... matched as option 'r' (set frame rate (Hz value, fraction or abbreviation)) with argument '18'.
Reading option '-start_number' ... matched as AVOption 'start_number' with argument '0'.
Reading option '-i' ... matched as input url with argument 'D:/Pictures/[MyStuff]/[Art]/[Krita Files]/CAR-NAGE School Project/[exports]/explosion/explosion%04d.png'.
Reading option '-vf' ... matched as option 'vf' (set video filters) with argument 'palettegen'.
Reading option '-y' ... matched as option 'y' (overwrite output files) with argument '1'.
Reading option 'D:/Pictures/[MyStuff]/[Art]/[Krita Files]/CAR-NAGE School Project/[exports]/explosion/palette.png' ... matched as output url.
Finished splitting the commandline.
Parsing a group of options: global .
Applying option v (set logging level) with argument debug.
Applying option nostdin (enable or disable interaction on standard input) with argument 0.
Applying option progress (write program-readable progress information) with argument C:/Users/teeja/AppData/Local/Temp/KritaFFmpegProgress.RaTQVs.
[file @ 000001a20804a4c0] Setting default whitelist 'file,crypto'
Applying option y (overwrite output files) with argument 1.
Successfully parsed a group of options.
Parsing a group of options: input url D:/Pictures/[MyStuff]/[Art]/[Krita Files]/CAR-NAGE School Project/[exports]/explosion/explosion%04d.png.
Applying option r (set frame rate (Hz value, fraction or abbreviation)) with argument 18.
Successfully parsed a group of options.
Opening an input file: D:/Pictures/[MyStuff]/[Art]/[Krita Files]/CAR-NAGE School Project/[exports]/explosion/explosion%04d.png.
[image2 @ 000001a20808b940] Opening 'D:/Pictures/[MyStuff]/[Art]/[Krita Files]/CAR-NAGE School Project/[exports]/explosion/explosion0000.png' for reading
[file @ 000001a20808efc0] Setting default whitelist 'file,crypto'
[AVIOContext @ 000001a2080971c0] Statistics: 34839 bytes read, 0 seeks
[image2 @ 000001a20808b940] Opening 'D:/Pictures/[MyStuff]/[Art]/[Krita Files]/CAR-NAGE School Project/[exports]/explosion/explosion0001.png' for reading
[file @ 000001a20809fd80] Setting default whitelist 'file,crypto'
[AVIOContext @ 000001a2080aa040] Statistics: 114648 bytes read, 0 seeks
[image2 @ 000001a20808b940] Opening 'D:/Pictures/[MyStuff]/[Art]/[Krita Files]/CAR-NAGE School Project/[exports]/explosion/explosion0002.png' for reading
[file @ 000001a2080a0000] Setting default whitelist 'file,crypto'
[AVIOContext @ 000001a2080aa040] Statistics: 298967 bytes read, 0 seeks
[image2 @ 000001a20808b940] Opening 'D:/Pictures/[MyStuff]/[Art]/[Krita Files]/CAR-NAGE School Project/[exports]/explosion/explosion0003.png' for reading
[file @ 000001a2080a0180] Setting default whitelist 'file,crypto'
[AVIOContext @ 000001a2080aa040] Statistics: 420608 bytes read, 0 seeks
[image2 @ 000001a20808b940] Opening 'D:/Pictures/[MyStuff]/[Art]/[Krita Files]/CAR-NAGE School Project/[exports]/explosion/explosion0004.png' for reading
[file @ 000001a208616d80] Setting default whitelist 'file,crypto'
[AVIOContext @ 000001a2080aa040] Statistics: 488056 bytes read, 0 seeks
[image2 @ 000001a20808b940] Opening 'D:/Pictures/[MyStuff]/[Art]/[Krita Files]/CAR-NAGE School Project/[exports]/explosion/explosion0005.png' for reading
[file @ 000001a2080a0280] Setting default whitelist 'file,crypto'
[AVIOContext @ 000001a2080aa040] Statistics: 488056 bytes read, 0 seeks
[image2 @ 000001a20808b940] Opening 'D:/Pictures/[MyStuff]/[Art]/[Krita Files]/CAR-NAGE School Project/[exports]/explosion/explosion0006.png' for reading
[file @ 000001a2080a0440] Setting default whitelist 'file,crypto'
[AVIOContext @ 000001a2080aa040] Statistics: 541314 bytes read, 0 seeks
[image2 @ 000001a20808b940] Opening 'D:/Pictures/[MyStuff]/[Art]/[Krita Files]/CAR-NAGE School Project/[exports]/explosion/explosion0007.png' for reading
[file @ 000001a2080a05c0] Setting default whitelist 'file,crypto'
[AVIOContext @ 000001a2080aa040] Statistics: 541314 bytes read, 0 seeks
[image2 @ 000001a20808b940] Opening 'D:/Pictures/[MyStuff]/[Art]/[Krita Files]/CAR-NAGE School Project/[exports]/explosion/explosion0008.png' for reading
[file @ 000001a2080a0780] Setting default whitelist 'file,crypto'
[AVIOContext @ 000001a2080aa040] Statistics: 542268 bytes read, 0 seeks
[image2 @ 000001a20808b940] Opening 'D:/Pictures/[MyStuff]/[Art]/[Krita Files]/CAR-NAGE School Project/[exports]/explosion/explosion0009.png' for reading
[file @ 000001a2080a0900] Setting default whitelist 'file,crypto'
[AVIOContext @ 000001a2080aa040] Statistics: 542268 bytes read, 0 seeks
[image2 @ 000001a20808b940] Opening 'D:/Pictures/[MyStuff]/[Art]/[Krita Files]/CAR-NAGE School Project/[exports]/explosion/explosion0010.png' for reading
[file @ 000001a2080a12c0] Setting default whitelist 'file,crypto'
[AVIOContext @ 000001a2080aa040] Statistics: 560429 bytes read, 0 seeks
[image2 @ 000001a20808b940] Opening 'D:/Pictures/[MyStuff]/[Art]/[Krita Files]/CAR-NAGE School Project/[exports]/explosion/explosion0011.png' for reading
[file @ 000001a2080a1380] Setting default whitelist 'file,crypto'
[AVIOContext @ 000001a2080aa040] Statistics: 560429 bytes read, 0 seeks
[image2 @ 000001a20808b940] Probe buffer size limit of 5000000 bytes reached
Input #0, image2, from 'D:/Pictures/[MyStuff]/[Art]/[Krita Files]/CAR-NAGE School Project/[exports]/explosion/explosion%04d.png':
  Duration: 00:00:01.08, start: 0.000000, bitrate: N/A
    Stream #0:0, 12, 1/25: Video: png, 1 reference frame, rgba(pc), 564x594 [SAR 11811:11811 DAR 94:99], 0/1, 25 fps, 25 tbr, 25 tbn, 25 tbc
Successfully opened the file.
Parsing a group of options: output url D:/Pictures/[MyStuff]/[Art]/[Krita Files]/CAR-NAGE School Project/[exports]/explosion/palette.png.
Applying option vf (set video filters) with argument palettegen.
Successfully parsed a group of options.
Opening an output file: D:/Pictures/[MyStuff]/[Art]/[Krita Files]/CAR-NAGE School Project/[exports]/explosion/palette.png.
Successfully opened the file.
detected 12 logical cores
Stream mapping:
  Stream #0:0 -> #0:0 (png (native) -> png (native))
cur_dts is invalid st:0 (0) [init:0 i_done:0 finish:0] (this is harmless if it occurs once at the start per stream)
    Last message repeated 12 times
[image2 @ 000001a20808b940] Opening 'D:/Pictures/[MyStuff]/[Art]/[Krita Files]/CAR-NAGE School Project/[exports]/explosion/explosion0012.png' for reading
[file @ 000001a2080a0900] Setting default whitelist 'file,crypto'
[AVIOContext @ 000001a2080a0200] Statistics: 439204 bytes read, 0 seeks
[graph 0 input from stream 0:0 @ 000001a2080a05c0] Setting 'video_size' to value '564x594'
[graph 0 input from stream 0:0 @ 000001a2080a05c0] Setting 'pix_fmt' to value '26'
[graph 0 input from stream 0:0 @ 000001a2080a05c0] Setting 'time_base' to value '1/18'
[graph 0 input from stream 0:0 @ 000001a2080a05c0] Setting 'pixel_aspect' to value '11811/11811'
[graph 0 input from stream 0:0 @ 000001a2080a05c0] Setting 'sws_param' to value 'flags=2'
[graph 0 input from stream 0:0 @ 000001a2080a05c0] Setting 'frame_rate' to value '18/1'
[graph 0 input from stream 0:0 @ 000001a2080a05c0] w:564 h:594 pixfmt:rgba tb:1/18 fr:18/1 sar:11811/11811 sws_param:flags=2
[format @ 000001a2080a0200] Setting 'pix_fmts' to value 'rgb24|rgba|rgb48be|rgba64be|pal8|gray|ya8|gray16be|ya16be|monob'
[auto_scaler_0 @ 000001a20809ff80] Setting 'flags' to value 'bicubic'
[auto_scaler_0 @ 000001a20809ff80] w:iw h:ih flags:'bicubic' interl:0
[Parsed_palettegen_0 @ 000001a2080a0900] auto-inserting filter 'auto_scaler_0' between the filter 'graph 0 input from stream 0:0' and the filter 'Parsed_palettegen_0'
[auto_scaler_1 @ 000001a20879c000] Setting 'flags' to value 'bicubic'
[auto_scaler_1 @ 000001a20879c000] w:iw h:ih flags:'bicubic' interl:0
[format @ 000001a2080a0200] auto-inserting filter 'auto_scaler_1' between the filter 'Parsed_palettegen_0' and the filter 'format'
[AVFilterGraph @ 000001a20810fa40] query_formats: 4 queried, 1 merged, 2 already done, 0 delayed
[auto_scaler_1 @ 000001a20879c000] picking rgba out of 10 ref:bgra alpha:1
[swscaler @ 000001a208b2ef80] Forcing full internal H chroma due to input having non subsampled chroma
[auto_scaler_0 @ 000001a20809ff80] w:564 h:594 fmt:rgba sar:11811/11811 -> w:564 h:594 fmt:bgra sar:1/1 flags:0x4
[swscaler @ 000001a208aa3b80] Forcing full internal H chroma due to input having non subsampled chroma
[auto_scaler_1 @ 000001a20879c000] w:16 h:16 fmt:bgra sar:1/1 -> w:16 h:16 fmt:rgba sar:1/1 flags:0x4
Output #0, image2, to 'D:/Pictures/[MyStuff]/[Art]/[Krita Files]/CAR-NAGE School Project/[exports]/explosion/palette.png':
  Metadata:
    encoder         : Lavf58.33.100
    Stream #0:0, 0, 1/18: Video: png, 1 reference frame, rgba, 16x16 [SAR 1:1 DAR 1:1], 0/1, q=2-31, 200 kb/s, 18 fps, 18 tbn, 18 tbc
    Metadata:
      encoder         : Lavc58.60.100 png
cur_dts is invalid st:0 (0) [init:1 i_done:0 finish:0] (this is harmless if it occurs once at the start per stream)
[image2 @ 000001a20808b940] Opening 'D:/Pictures/[MyStuff]/[Art]/[Krita Files]/CAR-NAGE School Project/[exports]/explosion/explosion0013.png' for reading
[file @ 000001a208a7ba00] Setting default whitelist 'file,crypto'
[AVIOContext @ 000001a208a5a7c0] Statistics: 439204 bytes read, 0 seeks
cur_dts is invalid st:0 (0) [init:1 i_done:0 finish:0] (this is harmless if it occurs once at the start per stream)
[image2 @ 000001a20808b940] Opening 'D:/Pictures/[MyStuff]/[Art]/[Krita Files]/CAR-NAGE School Project/[exports]/explosion/explosion0014.png' for reading
[file @ 000001a208ba7d80] Setting default whitelist 'file,crypto'
[AVIOContext @ 000001a208a9bac0] Statistics: 399102 bytes read, 0 seeks
cur_dts is invalid st:0 (0) [init:1 i_done:0 finish:0] (this is harmless if it occurs once at the start per stream)
[image2 @ 000001a20808b940] Opening 'D:/Pictures/[MyStuff]/[Art]/[Krita Files]/CAR-NAGE School Project/[exports]/explosion/explosion0015.png' for reading
[file @ 000001a20a099a40] Setting default whitelist 'file,crypto'
[AVIOContext @ 000001a20a03f580] Statistics: 399102 bytes read, 0 seeks
cur_dts is invalid st:0 (0) [init:1 i_done:0 finish:0] (this is harmless if it occurs once at the start per stream)
[image2 @ 000001a20808b940] Opening 'D:/Pictures/[MyStuff]/[Art]/[Krita Files]/CAR-NAGE School Project/[exports]/explosion/explosion0016.png' for reading
[file @ 000001a20a09a340] Setting default whitelist 'file,crypto'
[AVIOContext @ 000001a20a825f00] Statistics: 360563 bytes read, 0 seeks
cur_dts is invalid st:0 (0) [init:1 i_done:0 finish:0] (this is harmless if it occurs once at the start per stream)
[image2 @ 000001a20808b940] Opening 'D:/Pictures/[MyStuff]/[Art]/[Krita Files]/CAR-NAGE School Project/[exports]/explosion/explosion0017.png' for reading
[file @ 000001a20878d900] Setting default whitelist 'file,crypto'
[AVIOContext @ 000001a20ab62780] Statistics: 360563 bytes read, 0 seeks
cur_dts is invalid st:0 (0) [init:1 i_done:0 finish:0] (this is harmless if it occurs once at the start per stream)
[image2 @ 000001a20808b940] Opening 'D:/Pictures/[MyStuff]/[Art]/[Krita Files]/CAR-NAGE School Project/[exports]/explosion/explosion0018.png' for reading
[file @ 000001a20878d7c0] Setting default whitelist 'file,crypto'
[AVIOContext @ 000001a20ab61e40] Statistics: 301700 bytes read, 0 seeks
cur_dts is invalid st:0 (0) [init:1 i_done:0 finish:0] (this is harmless if it occurs once at the start per stream)
[image2 @ 000001a20808b940] Opening 'D:/Pictures/[MyStuff]/[Art]/[Krita Files]/CAR-NAGE School Project/[exports]/explosion/explosion0019.png' for reading
[file @ 000001a20878d6c0] Setting default whitelist 'file,crypto'
[AVIOContext @ 000001a20aede900] Statistics: 301700 bytes read, 0 seeks
cur_dts is invalid st:0 (0) [init:1 i_done:0 finish:0] (this is harmless if it occurs once at the start per stream)
[image2 @ 000001a20808b940] Opening 'D:/Pictures/[MyStuff]/[Art]/[Krita Files]/CAR-NAGE School Project/[exports]/explosion/explosion0020.png' for reading
[file @ 000001a20878d480] Setting default whitelist 'file,crypto'
[AVIOContext @ 000001a20aede900] Statistics: 232916 bytes read, 0 seeks
cur_dts is invalid st:0 (0) [init:1 i_done:0 finish:0] (this is harmless if it occurs once at the start per stream)
[image2 @ 000001a20808b940] Opening 'D:/Pictures/[MyStuff]/[Art]/[Krita Files]/CAR-NAGE School Project/[exports]/explosion/explosion0021.png' for reading
[file @ 000001a20878d7c0] Setting default whitelist 'file,crypto'
[AVIOContext @ 000001a20ace3340] Statistics: 232916 bytes read, 0 seeks
cur_dts is invalid st:0 (0) [init:1 i_done:0 finish:0] (this is harmless if it occurs once at the start per stream)
[image2 @ 000001a20808b940] Opening 'D:/Pictures/[MyStuff]/[Art]/[Krita Files]/CAR-NAGE School Project/[exports]/explosion/explosion0022.png' for reading
[file @ 000001a208aa1880] Setting default whitelist 'file,crypto'
[AVIOContext @ 000001a20ace3340] Statistics: 171526 bytes read, 0 seeks
cur_dts is invalid st:0 (0) [init:1 i_done:0 finish:0] (this is harmless if it occurs once at the start per stream)
[image2 @ 000001a20808b940] Opening 'D:/Pictures/[MyStuff]/[Art]/[Krita Files]/CAR-NAGE School Project/[exports]/explosion/explosion0023.png' for reading
[file @ 000001a208aa2500] Setting default whitelist 'file,crypto'
[AVIOContext @ 000001a2086b9940] Statistics: 171526 bytes read, 0 seeks
cur_dts is invalid st:0 (0) [init:1 i_done:0 finish:0] (this is harmless if it occurs once at the start per stream)
[image2 @ 000001a20808b940] Opening 'D:/Pictures/[MyStuff]/[Art]/[Krita Files]/CAR-NAGE School Project/[exports]/explosion/explosion0024.png' for reading
[file @ 000001a208aa1880] Setting default whitelist 'file,crypto'
[AVIOContext @ 000001a2086b9940] Statistics: 5948 bytes read, 0 seeks
cur_dts is invalid st:0 (0) [init:1 i_done:0 finish:0] (this is harmless if it occurs once at the start per stream)
[image2 @ 000001a20808b940] Opening 'D:/Pictures/[MyStuff]/[Art]/[Krita Files]/CAR-NAGE School Project/[exports]/explosion/explosion0025.png' for reading
[file @ 000001a208aa1e40] Setting default whitelist 'file,crypto'
[AVIOContext @ 000001a20ade43c0] Statistics: 5948 bytes read, 0 seeks
cur_dts is invalid st:0 (0) [init:1 i_done:0 finish:0] (this is harmless if it occurs once at the start per stream)
[image2 @ 000001a20808b940] Opening 'D:/Pictures/[MyStuff]/[Art]/[Krita Files]/CAR-NAGE School Project/[exports]/explosion/explosion0026.png' for reading
[file @ 000001a2087a0480] Setting default whitelist 'file,crypto'
[AVIOContext @ 000001a20ade43c0] Statistics: 5948 bytes read, 0 seeks
cur_dts is invalid st:0 (0) [init:1 i_done:0 finish:0] (this is harmless if it occurs once at the start per stream)
    Last message repeated 12 times
[Parsed_palettegen_0 @ 000001a2080a0900] 255(+1) colors generated out of 884077 colors; ratio=0.000288
cur_dts is invalid st:0 (0) [init:1 i_done:0 finish:0] (this is harmless if it occurs once at the start per stream)
Clipping frame in rate conversion by 0.000008
frame=    1 fps=0.0 q=0.0 size=N/A time=00:00:00.00 bitrate=N/A speed=   0x    cur_dts is invalid st:0 (0) [init:1 i_done:0 finish:0] (this is harmless if it occurs once at the start per stream)
[out_0_0 @ 000001a2080a0440] EOF on sink link out_0_0:default.
No more output streams to write to, finishing.
[image2 @ 000001a208110f00] Opening 'D:/Pictures/[MyStuff]/[Art]/[Krita Files]/CAR-NAGE School Project/[exports]/explosion/palette.png' for writing
[file @ 000001a2087a0e80] Setting default whitelist 'file,crypto'
[AVIOContext @ 000001a2086ab780] Statistics: 0 seeks, 1 writeouts
frame=    1 fps=0.0 q=-0.0 Lsize=N/A time=00:00:00.05 bitrate=N/A speed=0.0731x    
[AVIOContext @ 000001a20808b7c0] Statistics: 0 seeks, 2 writeouts
video:1kB audio:0kB subtitle:0kB other streams:0kB global headers:0kB muxing overhead: unknown
Input file #0 (D:/Pictures/[MyStuff]/[Art]/[Krita Files]/CAR-NAGE School Project/[exports]/explosion/explosion%04d.png):
  Input stream #0:0 (video): 27 packets read (8961062 bytes); 27 frames decoded; 
  Total: 27 packets (8961062 bytes) demuxed
Output file #0 (D:/Pictures/[MyStuff]/[Art]/[Krita Files]/CAR-NAGE School Project/[exports]/explosion/palette.png):
  Output stream #0:0 (video): 1 frames encoded; 1 packets muxed (1002 bytes); 
  Total: 1 packets (1002 bytes) muxed
27 frames successfully decoded, 0 decoding errors
